<?xml version="1.0" encoding="UTF-8" ?>
<testsuite errors="2" failures="0" hostname="BaseJump.local" name="greenbill.dbstuff.DbCreateTests" tests="2" time="0.574" timestamp="2009-05-06T14:34:23">
  <properties />
  <testcase classname="greenbill.dbstuff.DbCreateTests" name="testDrop" time="0.374">
    <error message="Class Not Found: JDBC driver [:] could not be loaded" type="org.apache.tools.ant.BuildException">: Class Not Found: JDBC driver [:] could not be loaded
	at greenbill.dbstuff.DbCreate.dropMsSql(DbCreate.groovy:69)
	at greenbill.dbstuff.DbCreate$dropMsSql.call(Unknown Source)
	at greenbill.dbstuff.DbCreateTests.testDrop(DbCreateTests.groovy:25)
	at _GrailsTest_groovy$_run_closure4.doCall(_GrailsTest_groovy:202)
	at _GrailsTest_groovy$_run_closure2.doCall(_GrailsTest_groovy:146)
	at _GrailsTest_groovy$_run_closure1_closure19.doCall(_GrailsTest_groovy:112)
	at _GrailsTest_groovy$_run_closure1.doCall(_GrailsTest_groovy:95)
	at TestApp$_run_closure1.doCall(TestApp.groovy:66)
	at gant.Gant$_dispatch_closure4.doCall(Gant.groovy:324)
	at gant.Gant$_dispatch_closure6.doCall(Gant.groovy:334)
	at gant.Gant$_dispatch_closure6.doCall(Gant.groovy)
	at gant.Gant.withBuildListeners(Gant.groovy:344)
	at gant.Gant.this$2$withBuildListeners(Gant.groovy)
	at gant.Gant$this$2$withBuildListeners.callCurrent(Unknown Source)
	at gant.Gant.dispatch(Gant.groovy:334)
	at gant.Gant.this$2$dispatch(Gant.groovy)
	at gant.Gant.invokeMethod(Gant.groovy)
	at gant.Gant.processTargets(Gant.groovy:495)
	at gant.Gant.processTargets(Gant.groovy:480)
Caused by: java.lang.ClassNotFoundException: [:]
	at java.lang.Class.forName0(Native Method)
	at java.lang.Class.forName(Class.java:164)
--- Nested Exception ---
java.lang.ClassNotFoundException: [:]
	at java.lang.Class.forName0(Native Method)
	at java.lang.Class.forName(Class.java:164)
	at greenbill.dbstuff.DbCreate.dropMsSql(DbCreate.groovy:69)
	at greenbill.dbstuff.DbCreate$dropMsSql.call(Unknown Source)
	at greenbill.dbstuff.DbCreateTests.testDrop(DbCreateTests.groovy:25)
	at _GrailsTest_groovy$_run_closure4.doCall(_GrailsTest_groovy:202)
	at _GrailsTest_groovy$_run_closure2.doCall(_GrailsTest_groovy:146)
	at _GrailsTest_groovy$_run_closure1_closure19.doCall(_GrailsTest_groovy:112)
	at _GrailsTest_groovy$_run_closure1.doCall(_GrailsTest_groovy:95)
	at TestApp$_run_closure1.doCall(TestApp.groovy:66)
	at gant.Gant$_dispatch_closure4.doCall(Gant.groovy:324)
	at gant.Gant$_dispatch_closure6.doCall(Gant.groovy:334)
	at gant.Gant$_dispatch_closure6.doCall(Gant.groovy)
	at gant.Gant.withBuildListeners(Gant.groovy:344)
	at gant.Gant.this$2$withBuildListeners(Gant.groovy)
	at gant.Gant$this$2$withBuildListeners.callCurrent(Unknown Source)
	at gant.Gant.dispatch(Gant.groovy:334)
	at gant.Gant.this$2$dispatch(Gant.groovy)
	at gant.Gant.invokeMethod(Gant.groovy)
	at gant.Gant.processTargets(Gant.groovy:495)
	at gant.Gant.processTargets(Gant.groovy:480)
</error>
  </testcase>
  <testcase classname="greenbill.dbstuff.DbCreateTests" name="testCreate" time="0.154">
    <error message="Class Not Found: JDBC driver [:] could not be loaded" type="org.apache.tools.ant.BuildException">: Class Not Found: JDBC driver [:] could not be loaded
	at greenbill.dbstuff.DbCreate.createMsSql(DbCreate.groovy:102)
	at greenbill.dbstuff.DbCreate$createMsSql.call(Unknown Source)
	at greenbill.dbstuff.DbCreateTests.testCreate(DbCreateTests.groovy:32)
	at _GrailsTest_groovy$_run_closure4.doCall(_GrailsTest_groovy:202)
	at _GrailsTest_groovy$_run_closure2.doCall(_GrailsTest_groovy:146)
	at _GrailsTest_groovy$_run_closure1_closure19.doCall(_GrailsTest_groovy:112)
	at _GrailsTest_groovy$_run_closure1.doCall(_GrailsTest_groovy:95)
	at TestApp$_run_closure1.doCall(TestApp.groovy:66)
	at gant.Gant$_dispatch_closure4.doCall(Gant.groovy:324)
	at gant.Gant$_dispatch_closure6.doCall(Gant.groovy:334)
	at gant.Gant$_dispatch_closure6.doCall(Gant.groovy)
	at gant.Gant.withBuildListeners(Gant.groovy:344)
	at gant.Gant.this$2$withBuildListeners(Gant.groovy)
	at gant.Gant$this$2$withBuildListeners.callCurrent(Unknown Source)
	at gant.Gant.dispatch(Gant.groovy:334)
	at gant.Gant.this$2$dispatch(Gant.groovy)
	at gant.Gant.invokeMethod(Gant.groovy)
	at gant.Gant.processTargets(Gant.groovy:495)
	at gant.Gant.processTargets(Gant.groovy:480)
Caused by: java.lang.ClassNotFoundException: [:]
	at java.lang.Class.forName0(Native Method)
	at java.lang.Class.forName(Class.java:164)
--- Nested Exception ---
java.lang.ClassNotFoundException: [:]
	at java.lang.Class.forName0(Native Method)
	at java.lang.Class.forName(Class.java:164)
	at greenbill.dbstuff.DbCreate.createMsSql(DbCreate.groovy:102)
	at greenbill.dbstuff.DbCreate$createMsSql.call(Unknown Source)
	at greenbill.dbstuff.DbCreateTests.testCreate(DbCreateTests.groovy:32)
	at _GrailsTest_groovy$_run_closure4.doCall(_GrailsTest_groovy:202)
	at _GrailsTest_groovy$_run_closure2.doCall(_GrailsTest_groovy:146)
	at _GrailsTest_groovy$_run_closure1_closure19.doCall(_GrailsTest_groovy:112)
	at _GrailsTest_groovy$_run_closure1.doCall(_GrailsTest_groovy:95)
	at TestApp$_run_closure1.doCall(TestApp.groovy:66)
	at gant.Gant$_dispatch_closure4.doCall(Gant.groovy:324)
	at gant.Gant$_dispatch_closure6.doCall(Gant.groovy:334)
	at gant.Gant$_dispatch_closure6.doCall(Gant.groovy)
	at gant.Gant.withBuildListeners(Gant.groovy:344)
	at gant.Gant.this$2$withBuildListeners(Gant.groovy)
	at gant.Gant$this$2$withBuildListeners.callCurrent(Unknown Source)
	at gant.Gant.dispatch(Gant.groovy:334)
	at gant.Gant.this$2$dispatch(Gant.groovy)
	at gant.Gant.invokeMethod(Gant.groovy)
	at gant.Gant.processTargets(Gant.groovy:495)
	at gant.Gant.processTargets(Gant.groovy:480)
</error>
  </testcase>
  <system-out><![CDATA[--Output from testDrop--
--Output from testCreate--
]]></system-out>
  <system-err><![CDATA[--Output from testDrop--
--Output from testCreate--
]]></system-err>
</testsuite>
